C51 COMPILER V9.01   LCD1602                                                               03/18/2019 18:37:05 PAGE 1   


C51 COMPILER V9.01, COMPILATION OF MODULE LCD1602
OBJECT MODULE PLACED IN .\LCD1602.obj
COMPILER INVOKED BY: D:\Keil\C51\BIN\C51.EXE ..\Source\LCD1602.c BROWSE DEBUG OBJECTEXTEND PRINT(.\LCD1602.lst) OBJECT(.
                    -\LCD1602.obj)

line level    source

   1          #include<reg52.h>
   2          #include"lcd1602.h"
   3          
   4          /*等待液晶准备好*/
   5          void LcdWaitReady(){
   6   1              unsigned char sta;
   7   1      
   8   1              LCD1602_DB = 0xFF;
   9   1              LCD1602_RS = 0;
  10   1              LCD1602_RW = 1;
  11   1              do{
  12   2                      LCD1602_E = 1;
  13   2                      sta = LCD1602_DB;               //读取状态字
  14   2                      LCD1602_E = 0;
  15   2              } while (sta & 0x80);           //bit7等于1表示液晶正忙，重复检测直到其等于0为止
  16   1      }
  17          
  18          /*向LCD1602液晶写入一字节命令，cmd为待写入命令值*/
  19          void LcdWriteCmd(unsigned char cmd){
  20   1              LcdWaitReady();
  21   1              LCD1602_RS = 0;
  22   1              LCD1602_RW = 0;
  23   1              LCD1602_DB = cmd;
  24   1              LCD1602_E = 1;
  25   1              LCD1602_E = 0;
  26   1      }
  27          
  28          /*向LCD1602液晶写入一字节数据，dat为待写入数据值*/
  29          void LcdWriteDat(unsigned char dat){
  30   1              LcdWaitReady();
  31   1              LCD1602_RS = 1;
  32   1              LCD1602_RW = 0;
  33   1              LCD1602_DB = dat;
  34   1              LCD1602_E = 1;
  35   1              LCD1602_E = 0;
  36   1      }
  37          
  38          /*设置显示RAM起始地址，亦即光标为止，(x,y)为对应屏幕上的字符坐标*/
  39          void LcdSetCursor(unsigned char x, unsigned char y){
  40   1              unsigned char addr;
  41   1      
  42   1              if (y == 0){                            //由输入的屏幕坐标计算显示RAM的地址
  43   2                      addr = 0x00 + x;                //第一行字符地址从0x00起始
  44   2              }
  45   1              else{
  46   2                      addr = 0x40 + x;                //第二行字符地址从0x40起始
  47   2              }
  48   1              LcdWriteCmd(addr | 0x80);       //设置RAM地址
  49   1      }
  50          
  51          /*在液晶上显示字符串，(x,y)为对应屏幕上的起始坐标，str为字符串指针，len为需要显示的字符长度*/
  52          void LcdShowStr(unsigned char x, unsigned char y, unsigned char *str){
  53   1              LcdSetCursor(x, y);                     //设置起始地址
  54   1              while (*str != '\0'){           //连续写入字符串数据，直到检测到结束符
C51 COMPILER V9.01   LCD1602                                                               03/18/2019 18:37:05 PAGE 2   

  55   2                      LcdWriteDat(*str++);    //先取str指向的数据，然后str自加1
  56   2              }
  57   1      }
  58          
  59          /*初始化1602液晶*/
  60          void InitLcd1602(){
  61   1              LcdWriteCmd(0x38);                      //16 * 2显示，5 * 7点阵，8位数据接口
  62   1              LcdWriteCmd(0x0C);                      //显示器开，光标关闭
  63   1              LcdWriteCmd(0x06);                      //文字不动，地址自动+1
  64   1              LcdWriteCmd(0x01);                      //清屏
  65   1      }


MODULE INFORMATION:   STATIC OVERLAYABLE
   CODE SIZE        =    128    ----
   CONSTANT SIZE    =   ----    ----
   XDATA SIZE       =   ----    ----
   PDATA SIZE       =   ----    ----
   DATA SIZE        =   ----       3
   IDATA SIZE       =   ----    ----
   BIT SIZE         =   ----    ----
END OF MODULE INFORMATION.


C51 COMPILATION COMPLETE.  0 WARNING(S),  0 ERROR(S)
